22:25:11 **** Incremental Build of configuration Debug for project Laboratorio4 ****
make -j16 all 
arm-none-eabi-gcc "../Core/Src/main.c" -mcpu=cortex-m4 -std=gnu11 -g3 -DDEBUG -DUSE_HAL_DRIVER -DSTM32F446xx -c -I../Core/Inc -I../Drivers/STM32F4xx_HAL_Driver/Inc -I../Drivers/STM32F4xx_HAL_Driver/Inc/Legacy -I../Drivers/CMSIS/Device/ST/STM32F4xx/Include -I../Drivers/CMSIS/Include -O0 -ffunction-sections -fdata-sections -Wall -fstack-usage -fcyclomatic-complexity -MMD -MP -MF"Core/Src/main.d" -MT"Core/Src/main.o" --specs=nano.specs -mfpu=fpv4-sp-d16 -mfloat-abi=hard -mthumb -o "Core/Src/main.o"
arm-none-eabi-gcc -o "Laboratorio4.elf" @"objects.list"   -mcpu=cortex-m4 -T"C:\Users\bsmor\OneDrive\Documentos\GitHub\STM32progra\Laboratorio4\Laboratorio4\STM32F446RETX_FLASH.ld" --specs=nosys.specs -Wl,-Map="Laboratorio4.map" -Wl,--gc-sections -static --specs=nano.specs -mfpu=fpv4-sp-d16 -mfloat-abi=hard -mthumb -Wl,--start-group -lc -lm -Wl,--end-group
Finished building target: Laboratorio4.elf
 
arm-none-eabi-size  Laboratorio4.elf 
arm-none-eabi-objdump -h -S Laboratorio4.elf  > "Laboratorio4.list"
   text	   data	    bss	    dec	    hex	filename
  12204	     12	   1724	  13940	   3674	Laboratorio4.elf
Finished building: default.size.stdout
 
Finished building: Laboratorio4.list
 
22:25:16 **** Incremental Build of configuration Debug for project Laboratorio4 ****
make -j16 all 
arm-none-eabi-size  Laboratorio4.elf 
   text	   data	    bss	    dec	    hex	filename
  12204	     12	   1724	  13940	   3674	Laboratorio4.elf
Finished building: default.size.stdout
 
22:25:31 **** Incremental Build of configuration Debug for project Laboratorio4 ****
make -j16 all 
arm-none-eabi-gcc "../Core/Src/main.c" -mcpu=cortex-m4 -std=gnu11 -g3 -DDEBUG -DUSE_HAL_DRIVER -DSTM32F446xx -c -I../Core/Inc -I../Drivers/STM32F4xx_HAL_Driver/Inc -I../Drivers/STM32F4xx_HAL_Driver/Inc/Legacy -I../Drivers/CMSIS/Device/ST/STM32F4xx/Include -I../Drivers/CMSIS/Include -O0 -ffunction-sections -fdata-sections -Wall -fstack-usage -fcyclomatic-complexity -MMD -MP -MF"Core/Src/main.d" -MT"Core/Src/main.o" --specs=nano.specs -mfpu=fpv4-sp-d16 -mfloat-abi=hard -mthumb -o "Core/Src/main.o"
arm-none-eabi-gcc -o "Laboratorio4.elf" @"objects.list"   -mcpu=cortex-m4 -T"C:\Users\bsmor\OneDrive\Documentos\GitHub\STM32progra\Laboratorio4\Laboratorio4\STM32F446RETX_FLASH.ld" --specs=nosys.specs -Wl,-Map="Laboratorio4.map" -Wl,--gc-sections -static --specs=nano.specs -mfpu=fpv4-sp-d16 -mfloat-abi=hard -mthumb -Wl,--start-group -lc -lm -Wl,--end-group
Finished building target: Laboratorio4.elf
 
arm-none-eabi-size  Laboratorio4.elf 
arm-none-eabi-objdump -h -S Laboratorio4.elf  > "Laboratorio4.list"
   text	   data	    bss	    dec	    hex	filename
  12220	     12	   1724	  13956	   3684	Laboratorio4.elf
Finished building: default.size.stdout
 
Finished building: Laboratorio4.list
 
